<?xml version="1.0" encoding="UTF-8"?>
<testsuite name="net.ict.springex.service.TodoServiceTest" tests="1" skipped="0" failures="0" errors="0" timestamp="2022-11-16T03:02:49" hostname="DESKTOP-IO02OG9" time="0.092">
  <properties/>
  <testcase name="testPaging()" classname="net.ict.springex.service.TodoServiceTest" time="0.092"/>
  <system-out><![CDATA[12:02:49  INFO [org.springframework.test.context.support.DefaultTestContextBootstrapper] Loaded default TestExecutionListener class names from location [META-INF/spring.factories]: [org.springframework.test.context.web.ServletTestExecutionListener, org.springframework.test.context.support.DirtiesContextBeforeModesTestExecutionListener, org.springframework.test.context.event.ApplicationEventsTestExecutionListener, org.springframework.test.context.support.DependencyInjectionTestExecutionListener, org.springframework.test.context.support.DirtiesContextTestExecutionListener, org.springframework.test.context.transaction.TransactionalTestExecutionListener, org.springframework.test.context.jdbc.SqlScriptsTestExecutionListener, org.springframework.test.context.event.EventPublishingTestExecutionListener]
12:02:49  INFO [org.springframework.test.context.support.DefaultTestContextBootstrapper] Using TestExecutionListeners: [org.springframework.test.context.support.DirtiesContextBeforeModesTestExecutionListener@389562d6, org.springframework.test.context.event.ApplicationEventsTestExecutionListener@5a101b1c, org.springframework.test.context.support.DependencyInjectionTestExecutionListener@2160e52a, org.springframework.test.context.support.DirtiesContextTestExecutionListener@29f0802c, org.springframework.test.context.transaction.TransactionalTestExecutionListener@3a60c416, org.springframework.test.context.jdbc.SqlScriptsTestExecutionListener@60f2e0bd, org.springframework.test.context.event.EventPublishingTestExecutionListener@469d003c]
12:02:49  INFO [com.zaxxer.hikari.HikariDataSource] HikariPool-1 - Starting...
12:02:49  INFO [com.zaxxer.hikari.pool.HikariPool] HikariPool-1 - Added connection org.mariadb.jdbc.Connection@7aac8884
12:02:49  INFO [com.zaxxer.hikari.HikariDataSource] HikariPool-1 - Start completed.
12:02:49  INFO [net.ict.springex.service.TodoServiceTest] PageResponseDTO(page=1, size=10, total=128, start=1, end=10, prev=false, next=true, dtoList=[TodoDTO(tno=191, title=스프링 수정중, dueDate=2022-11-17, finished=false, writer=정은), TodoDTO(tno=190, title=스프링ㅎㅇ, dueDate=2022-12-27, finished=false, writer=정은), TodoDTO(tno=189, title=스프링 수정중, dueDate=2022-11-17, finished=false, writer=정은), TodoDTO(tno=188, title=스프링ㅎㅇ, dueDate=2022-12-27, finished=false, writer=정은), TodoDTO(tno=187, title=스프링 수정중, dueDate=2022-11-17, finished=false, writer=정은), TodoDTO(tno=186, title=스프링ㅎㅇ, dueDate=2022-12-27, finished=false, writer=정은), TodoDTO(tno=185, title=스프링 수정중, dueDate=2022-11-17, finished=false, writer=정은), TodoDTO(tno=184, title=스프링ㅎㅇ, dueDate=2022-12-27, finished=false, writer=정은), TodoDTO(tno=183, title=스프링 수정중, dueDate=2022-11-17, finished=false, writer=정은), TodoDTO(tno=182, title=스프링ㅎㅇ, dueDate=2022-12-27, finished=false, writer=정은)])
12:02:49  INFO [net.ict.springex.service.TodoServiceTest] TodoDTO(tno=191, title=스프링 수정중, dueDate=2022-11-17, finished=false, writer=정은)
12:02:49  INFO [net.ict.springex.service.TodoServiceTest] TodoDTO(tno=190, title=스프링ㅎㅇ, dueDate=2022-12-27, finished=false, writer=정은)
12:02:49  INFO [net.ict.springex.service.TodoServiceTest] TodoDTO(tno=189, title=스프링 수정중, dueDate=2022-11-17, finished=false, writer=정은)
12:02:49  INFO [net.ict.springex.service.TodoServiceTest] TodoDTO(tno=188, title=스프링ㅎㅇ, dueDate=2022-12-27, finished=false, writer=정은)
12:02:49  INFO [net.ict.springex.service.TodoServiceTest] TodoDTO(tno=187, title=스프링 수정중, dueDate=2022-11-17, finished=false, writer=정은)
12:02:49  INFO [net.ict.springex.service.TodoServiceTest] TodoDTO(tno=186, title=스프링ㅎㅇ, dueDate=2022-12-27, finished=false, writer=정은)
12:02:49  INFO [net.ict.springex.service.TodoServiceTest] TodoDTO(tno=185, title=스프링 수정중, dueDate=2022-11-17, finished=false, writer=정은)
12:02:49  INFO [net.ict.springex.service.TodoServiceTest] TodoDTO(tno=184, title=스프링ㅎㅇ, dueDate=2022-12-27, finished=false, writer=정은)
12:02:49  INFO [net.ict.springex.service.TodoServiceTest] TodoDTO(tno=183, title=스프링 수정중, dueDate=2022-11-17, finished=false, writer=정은)
12:02:49  INFO [net.ict.springex.service.TodoServiceTest] TodoDTO(tno=182, title=스프링ㅎㅇ, dueDate=2022-12-27, finished=false, writer=정은)
]]></system-out>
  <system-err><![CDATA[]]></system-err>
</testsuite>
