<?xml version="1.0" encoding="UTF-8"?>
<testsuite name="net.ict.springex.service.TodoServiceTest" tests="1" skipped="0" failures="0" errors="0" timestamp="2022-11-14T08:04:56" hostname="DESKTOP-IO02OG9" time="0.077">
  <properties/>
  <testcase name="testRegister()" classname="net.ict.springex.service.TodoServiceTest" time="0.077"/>
  <system-out><![CDATA[05:04:55  INFO [org.springframework.test.context.support.DefaultTestContextBootstrapper] Loaded default TestExecutionListener class names from location [META-INF/spring.factories]: [org.springframework.test.context.web.ServletTestExecutionListener, org.springframework.test.context.support.DirtiesContextBeforeModesTestExecutionListener, org.springframework.test.context.event.ApplicationEventsTestExecutionListener, org.springframework.test.context.support.DependencyInjectionTestExecutionListener, org.springframework.test.context.support.DirtiesContextTestExecutionListener, org.springframework.test.context.transaction.TransactionalTestExecutionListener, org.springframework.test.context.jdbc.SqlScriptsTestExecutionListener, org.springframework.test.context.event.EventPublishingTestExecutionListener]
05:04:55  INFO [org.springframework.test.context.support.DefaultTestContextBootstrapper] Using TestExecutionListeners: [org.springframework.test.context.support.DirtiesContextBeforeModesTestExecutionListener@78c7f9b3, org.springframework.test.context.event.ApplicationEventsTestExecutionListener@6f8d7714, org.springframework.test.context.support.DependencyInjectionTestExecutionListener@1e6b9a95, org.springframework.test.context.support.DirtiesContextTestExecutionListener@4d6f623d, org.springframework.test.context.transaction.TransactionalTestExecutionListener@aa21042, org.springframework.test.context.jdbc.SqlScriptsTestExecutionListener@e93f3d5, org.springframework.test.context.event.EventPublishingTestExecutionListener@4cee7fa0]
05:04:56  INFO [com.zaxxer.hikari.HikariDataSource] HikariPool-1 - Starting...
05:04:56  INFO [com.zaxxer.hikari.pool.HikariPool] HikariPool-1 - Added connection org.mariadb.jdbc.Connection@25290bca
05:04:56  INFO [com.zaxxer.hikari.HikariDataSource] HikariPool-1 - Start completed.
05:04:56  INFO [net.ict.springex.service.TodoServiceImpl] org.modelmapper.ModelMapper@724b939e
05:04:56  INFO [net.ict.springex.service.TodoServiceImpl] TodoVO(tno=null, title=Test TodoDTO...., dueDate=2022-11-14, finished=false, writer=ictyoon)
]]></system-out>
  <system-err><![CDATA[]]></system-err>
</testsuite>
