<?xml version="1.0" encoding="UTF-8"?>
<testsuite name="net.ict.springex.service.TodoServiceTest" tests="1" skipped="0" failures="0" errors="0" timestamp="2022-11-15T06:48:17" hostname="DESKTOP-IO02OG9" time="0.068">
  <properties/>
  <testcase name="testModify()" classname="net.ict.springex.service.TodoServiceTest" time="0.068"/>
  <system-out><![CDATA[03:48:16  INFO [org.springframework.test.context.support.DefaultTestContextBootstrapper] Loaded default TestExecutionListener class names from location [META-INF/spring.factories]: [org.springframework.test.context.web.ServletTestExecutionListener, org.springframework.test.context.support.DirtiesContextBeforeModesTestExecutionListener, org.springframework.test.context.event.ApplicationEventsTestExecutionListener, org.springframework.test.context.support.DependencyInjectionTestExecutionListener, org.springframework.test.context.support.DirtiesContextTestExecutionListener, org.springframework.test.context.transaction.TransactionalTestExecutionListener, org.springframework.test.context.jdbc.SqlScriptsTestExecutionListener, org.springframework.test.context.event.EventPublishingTestExecutionListener]
03:48:16  INFO [org.springframework.test.context.support.DefaultTestContextBootstrapper] Using TestExecutionListeners: [org.springframework.test.context.support.DirtiesContextBeforeModesTestExecutionListener@267bbe1a, org.springframework.test.context.event.ApplicationEventsTestExecutionListener@1f12e153, org.springframework.test.context.support.DependencyInjectionTestExecutionListener@389562d6, org.springframework.test.context.support.DirtiesContextTestExecutionListener@5a101b1c, org.springframework.test.context.transaction.TransactionalTestExecutionListener@2160e52a, org.springframework.test.context.jdbc.SqlScriptsTestExecutionListener@29f0802c, org.springframework.test.context.event.EventPublishingTestExecutionListener@3a60c416]
03:48:17  INFO [com.zaxxer.hikari.HikariDataSource] HikariPool-1 - Starting...
03:48:17  INFO [com.zaxxer.hikari.pool.HikariPool] HikariPool-1 - Added connection org.mariadb.jdbc.Connection@54e3658c
03:48:17  INFO [com.zaxxer.hikari.HikariDataSource] HikariPool-1 - Start completed.
]]></system-out>
  <system-err><![CDATA[]]></system-err>
</testsuite>
